<?xml version="1.0" encoding="UTF-8"?>
<!-- Generated by org.testng.reporters.JUnitReportReporter -->
<testsuite hostname="DESKTOP-I9RL5TD" failures="0" tests="1" name="com_TestCases.TC_01_Luma_Registration" time="20.258" errors="0" timestamp="2025-01-21T15:07:59 IST" skipped="0">
  <testcase classname="com_TestCases.TC_01_Luma_Registration" name="LumaRegistration" time="20.258"/>
</testsuite> <!-- com_TestCases.TC_01_Luma_Registration -->
